<?xml version="1.0" encoding="UTF-8" ?>
<testsuites>
  <testsuite errors="0" failures="0" hostname="steve-herndons-macbook-pro-15.local" id="0" name="AddressTests" package="" tests="1" time="0.095" timestamp="2008-01-13T23:54:05">
      <properties />

      <testcase classname="AddressTests" name="testSomething" time="0.0010" />

      <system-out><![CDATA[--Output from testSomething--
]]></system-out>

      <system-err><![CDATA[--Output from testSomething--
]]></system-err>

  </testsuite>
  <testsuite errors="0" failures="0" hostname="steve-herndons-macbook-pro-15.local" id="1" name="ClientTests" package="" tests="1" time="0.0020" timestamp="2008-01-13T23:54:05">
      <properties />

      <testcase classname="ClientTests" name="testSomething" time="0.0" />

      <system-out><![CDATA[--Output from testSomething--
]]></system-out>

      <system-err><![CDATA[--Output from testSomething--
]]></system-err>

  </testsuite>
  <testsuite errors="0" failures="0" hostname="steve-herndons-macbook-pro-15.local" id="2" name="PersonTests" package="" tests="1" time="0.0020" timestamp="2008-01-13T23:54:05">
      <properties />

      <testcase classname="PersonTests" name="testSomething" time="0.0" />

      <system-out><![CDATA[--Output from testSomething--
]]></system-out>

      <system-err><![CDATA[--Output from testSomething--
]]></system-err>

  </testsuite>
</testsuites>
